[debug] [2022-09-23T03:56:40.282Z] ----------------------------------------------------------------------
[debug] [2022-09-23T03:56:40.286Z] Command:       C:\Program Files\nodejs\node.exe C:\Users\SACHIN KUMAR\AppData\Roaming\npm\node_modules\firebase-tools\lib\bin\firebase.js init
[debug] [2022-09-23T03:56:40.287Z] CLI Version:   11.10.0
[debug] [2022-09-23T03:56:40.287Z] Platform:      win32
[debug] [2022-09-23T03:56:40.287Z] Node Version:  v18.4.0
[debug] [2022-09-23T03:56:40.289Z] Time:          Fri Sep 23 2022 09:26:40 GMT+0530 (India Standard Time)
[debug] [2022-09-23T03:56:40.289Z] ----------------------------------------------------------------------
[debug] 
[debug] [2022-09-23T03:56:40.403Z] > command requires scopes: ["email","openid","https://www.googleapis.com/auth/cloudplatformprojects.readonly","https://www.googleapis.com/auth/firebase","https://www.googleapis.com/auth/cloud-platform"]
[debug] [2022-09-23T03:56:40.404Z] > authorizing via signed-in user (sachinagon@gmail.com)
[info] 
     ######## #### ########  ######## ########     ###     ######  ########
     ##        ##  ##     ## ##       ##     ##  ##   ##  ##       ##
     ######    ##  ########  ######   ########  #########  ######  ######
     ##        ##  ##    ##  ##       ##     ## ##     ##       ## ##
     ##       #### ##     ## ######## ########  ##     ##  ######  ########

You're about to initialize a Firebase project in this directory:

  C:\Users\SACHIN KUMAR\OneDrive\Desktop\Website\question

Before we get started, keep in mind:

  * You are initializing within an existing Firebase project directory

[info] 
=== Project Setup
[info] 
[info] First, let's associate this project directory with a Firebase project.
[info] You can create multiple project aliases by running firebase use --add, 
[info] but for now we'll just set up a default project.
[info] 
[debug] [2022-09-23T03:56:46.935Z] Using project from CLI flag: code-question
[debug] [2022-09-23T03:56:46.941Z] >>> [apiv2][query] GET https://firebase.googleapis.com/v1beta1/projects/code-question [none]
[debug] [2022-09-23T03:57:07.618Z] ----------------------------------------------------------------------
[debug] [2022-09-23T03:57:07.621Z] Command:       C:\Program Files\nodejs\node.exe C:\Users\SACHIN KUMAR\AppData\Roaming\npm\node_modules\firebase-tools\lib\bin\firebase.js init
[debug] [2022-09-23T03:57:07.622Z] CLI Version:   11.10.0
[debug] [2022-09-23T03:57:07.623Z] Platform:      win32
[debug] [2022-09-23T03:57:07.623Z] Node Version:  v18.4.0
[debug] [2022-09-23T03:57:07.625Z] Time:          Fri Sep 23 2022 09:27:07 GMT+0530 (India Standard Time)
[debug] [2022-09-23T03:57:07.625Z] ----------------------------------------------------------------------
[debug] 
[debug] [2022-09-23T03:57:07.745Z] > command requires scopes: ["email","openid","https://www.googleapis.com/auth/cloudplatformprojects.readonly","https://www.googleapis.com/auth/firebase","https://www.googleapis.com/auth/cloud-platform"]
[debug] [2022-09-23T03:57:07.746Z] > authorizing via signed-in user (sachinagon@gmail.com)
[info] 
     ######## #### ########  ######## ########     ###     ######  ########
     ##        ##  ##     ## ##       ##     ##  ##   ##  ##       ##
     ######    ##  ########  ######   ########  #########  ######  ######
     ##        ##  ##    ##  ##       ##     ## ##     ##       ## ##
     ##       #### ##     ## ######## ########  ##     ##  ######  ########

You're about to initialize a Firebase project in this directory:

  C:\Users\SACHIN KUMAR\OneDrive\Desktop\Website\question

Before we get started, keep in mind:

  * You are initializing within an existing Firebase project directory

[info] 
=== Project Setup
[info] 
[info] First, let's associate this project directory with a Firebase project.
[info] You can create multiple project aliases by running firebase use --add, 
[info] but for now we'll just set up a default project.
[info] 
[debug] [2022-09-23T03:57:14.568Z] Using project from CLI flag: code-question
[debug] [2022-09-23T03:57:14.572Z] >>> [apiv2][query] GET https://firebase.googleapis.com/v1beta1/projects/code-question [none]
[debug] [2022-09-23T03:57:35.748Z] Failed to make request to https://firebase.googleapis.com/v1beta1/projects/code-question
[debug] [2022-09-23T03:57:36.354Z] FirebaseError: Failed to make request to https://firebase.googleapis.com/v1beta1/projects/code-question
    at RetryOperation._fn (C:\Users\SACHIN KUMAR\AppData\Roaming\npm\node_modules\firebase-tools\lib\apiv2.js:242:31)
    at process.processTicksAndRejections (node:internal/process/task_queues:95:5)
[error] 
[error] Error: Failed to get Firebase project code-question. Please make sure the project exists and your account has permission to access it.
[debug] [2022-09-23T04:00:12.392Z] ----------------------------------------------------------------------
[debug] [2022-09-23T04:00:12.396Z] Command:       C:\Program Files\nodejs\node.exe C:\Users\SACHIN KUMAR\AppData\Roaming\npm\node_modules\firebase-tools\lib\bin\firebase.js deploy --only hosting
[debug] [2022-09-23T04:00:12.397Z] CLI Version:   11.10.0
[debug] [2022-09-23T04:00:12.397Z] Platform:      win32
[debug] [2022-09-23T04:00:12.397Z] Node Version:  v18.4.0
[debug] [2022-09-23T04:00:12.399Z] Time:          Fri Sep 23 2022 09:30:12 GMT+0530 (India Standard Time)
[debug] [2022-09-23T04:00:12.400Z] ----------------------------------------------------------------------
[debug] 
[debug] [2022-09-23T04:00:12.520Z] > command requires scopes: ["email","openid","https://www.googleapis.com/auth/cloudplatformprojects.readonly","https://www.googleapis.com/auth/firebase","https://www.googleapis.com/auth/cloud-platform"]
[debug] [2022-09-23T04:00:12.521Z] > authorizing via signed-in user (sachinagon@gmail.com)
[debug] [2022-09-23T04:00:12.521Z] [iam] checking project code-question for permissions ["firebase.projects.get","firebasehosting.sites.update"]
[debug] [2022-09-23T04:00:12.525Z] >>> [apiv2][query] POST https://cloudresourcemanager.googleapis.com/v1/projects/code-question:testIamPermissions [none]
[debug] [2022-09-23T04:00:12.526Z] >>> [apiv2][(partial)header] POST https://cloudresourcemanager.googleapis.com/v1/projects/code-question:testIamPermissions x-goog-quota-user=projects/code-question
[debug] [2022-09-23T04:00:12.526Z] >>> [apiv2][body] POST https://cloudresourcemanager.googleapis.com/v1/projects/code-question:testIamPermissions {"permissions":["firebase.projects.get","firebasehosting.sites.update"]}
[debug] [2022-09-23T04:00:14.914Z] <<< [apiv2][status] POST https://cloudresourcemanager.googleapis.com/v1/projects/code-question:testIamPermissions 200
[debug] [2022-09-23T04:00:14.915Z] <<< [apiv2][body] POST https://cloudresourcemanager.googleapis.com/v1/projects/code-question:testIamPermissions {"permissions":["firebase.projects.get","firebasehosting.sites.update"]}
[debug] [2022-09-23T04:00:14.917Z] >>> [apiv2][query] GET https://firebase.googleapis.com/v1beta1/projects/code-question [none]
[debug] [2022-09-23T04:00:35.954Z] Failed to make request to https://firebase.googleapis.com/v1beta1/projects/code-question
[debug] [2022-09-23T04:00:40.977Z] Error: Timed out.
    at Timeout._onTimeout (C:\Users\SACHIN KUMAR\AppData\Roaming\npm\node_modules\firebase-tools\lib\utils.js:253:49)
    at listOnTimeout (node:internal/timers:564:17)
    at process.processTimers (node:internal/timers:507:7)
[error] 
[error] Error: An unexpected error has occurred.
